[0.331s] DEBUG:colcon:Command line arguments: ['/usr/bin/colcon', 'build', '--symlink-install', '--packages-select', 'start_robocup']
[0.331s] DEBUG:colcon:Parsed command line arguments: Namespace(log_base=None, log_level=None, verb_name='build', build_base='build', install_base='install', merge_install=False, symlink_install=True, test_result_base=None, continue_on_error=False, executor='parallel', parallel_workers=12, event_handlers=None, ignore_user_meta=False, metas=['./colcon.meta'], base_paths=['.'], packages_ignore=None, packages_ignore_regex=None, paths=None, packages_up_to=None, packages_up_to_regex=None, packages_above=None, packages_above_and_dependencies=None, packages_above_depth=None, packages_select_by_dep=None, packages_skip_by_dep=None, packages_skip_up_to=None, packages_select_build_failed=False, packages_skip_build_finished=False, packages_select_test_failures=False, packages_skip_test_passed=False, packages_select=['start_robocup'], packages_skip=None, packages_select_regex=None, packages_skip_regex=None, packages_start=None, packages_end=None, allow_overriding=[], cmake_args=None, cmake_target=None, cmake_target_skip_unavailable=False, cmake_clean_cache=False, cmake_clean_first=False, cmake_force_configure=False, ament_cmake_args=None, catkin_cmake_args=None, catkin_skip_building_tests=False, verb_parser=<colcon_defaults.argument_parser.defaults.DefaultArgumentsDecorator object at 0x7f6f68d398d0>, verb_extension=<colcon_core.verb.build.BuildVerb object at 0x7f6f69726b00>, main=<bound method BuildVerb.main of <colcon_core.verb.build.BuildVerb object at 0x7f6f69726b00>>)
[0.353s] Level 1:colcon.colcon_core.package_discovery:discover_packages(colcon_meta) check parameters
[0.353s] Level 1:colcon.colcon_core.package_discovery:discover_packages(recursive) check parameters
[0.353s] Level 1:colcon.colcon_core.package_discovery:discover_packages(ignore) check parameters
[0.353s] Level 1:colcon.colcon_core.package_discovery:discover_packages(path) check parameters
[0.354s] Level 1:colcon.colcon_core.package_discovery:discover_packages(colcon_meta) discover
[0.354s] Level 1:colcon.colcon_core.package_discovery:discover_packages(recursive) discover
[0.354s] INFO:colcon.colcon_core.package_discovery:Crawling recursively for packages in '/home/guilleaq/ros2/nav2_ws/src/start_robocup'
[0.354s] Level 1:colcon.colcon_core.package_identification:_identify(.) by extensions ['ignore', 'ignore_ament_install']
[0.354s] Level 1:colcon.colcon_core.package_identification:_identify(.) by extension 'ignore'
[0.354s] Level 1:colcon.colcon_core.package_identification:_identify(.) by extension 'ignore_ament_install'
[0.354s] Level 1:colcon.colcon_core.package_identification:_identify(.) by extensions ['colcon_pkg']
[0.354s] Level 1:colcon.colcon_core.package_identification:_identify(.) by extension 'colcon_pkg'
[0.354s] Level 1:colcon.colcon_core.package_identification:_identify(.) by extensions ['colcon_meta']
[0.354s] Level 1:colcon.colcon_core.package_identification:_identify(.) by extension 'colcon_meta'
[0.354s] Level 1:colcon.colcon_core.package_identification:_identify(.) by extensions ['ros']
[0.354s] Level 1:colcon.colcon_core.package_identification:_identify(.) by extension 'ros'
[0.368s] DEBUG:colcon.colcon_core.package_identification:Package '.' with type 'ros.ament_cmake' and name 'start_robocup'
[0.368s] Level 1:colcon.colcon_core.package_discovery:discover_packages(recursive) using defaults
[0.368s] Level 1:colcon.colcon_core.package_discovery:discover_packages(ignore) discover
[0.368s] Level 1:colcon.colcon_core.package_discovery:discover_packages(ignore) using defaults
[0.368s] Level 1:colcon.colcon_core.package_discovery:discover_packages(path) discover
[0.368s] Level 1:colcon.colcon_core.package_discovery:discover_packages(path) using defaults
[0.390s] Level 1:colcon.colcon_core.package_discovery:discover_packages(prefix_path) check parameters
[0.390s] Level 1:colcon.colcon_core.package_discovery:discover_packages(prefix_path) discover
[0.397s] DEBUG:colcon.colcon_installed_package_information.package_discovery:Found 74 installed packages in /home/guilleaq/ros2/nav2_ws/install
[0.399s] DEBUG:colcon.colcon_installed_package_information.package_discovery:Found 38 installed packages in /home/guilleaq/Desktop/CARRERA/Segundo/2CUATRI/ArqSoftwareRobots/ros2/bookros2_ws/install
[0.402s] DEBUG:colcon.colcon_installed_package_information.package_discovery:Found 392 installed packages in /opt/ros/humble
[0.404s] Level 1:colcon.colcon_core.package_discovery:discover_packages(prefix_path) using defaults
[0.478s] Level 5:colcon.colcon_core.verb:set package 'start_robocup' build argument 'cmake_args' from command line to 'None'
[0.478s] Level 5:colcon.colcon_core.verb:set package 'start_robocup' build argument 'cmake_target' from command line to 'None'
[0.478s] Level 5:colcon.colcon_core.verb:set package 'start_robocup' build argument 'cmake_target_skip_unavailable' from command line to 'False'
[0.478s] Level 5:colcon.colcon_core.verb:set package 'start_robocup' build argument 'cmake_clean_cache' from command line to 'False'
[0.478s] Level 5:colcon.colcon_core.verb:set package 'start_robocup' build argument 'cmake_clean_first' from command line to 'False'
[0.478s] Level 5:colcon.colcon_core.verb:set package 'start_robocup' build argument 'cmake_force_configure' from command line to 'False'
[0.478s] Level 5:colcon.colcon_core.verb:set package 'start_robocup' build argument 'ament_cmake_args' from command line to 'None'
[0.478s] Level 5:colcon.colcon_core.verb:set package 'start_robocup' build argument 'catkin_cmake_args' from command line to 'None'
[0.478s] Level 5:colcon.colcon_core.verb:set package 'start_robocup' build argument 'catkin_skip_building_tests' from command line to 'False'
[0.479s] DEBUG:colcon.colcon_core.verb:Building package 'start_robocup' with the following arguments: {'ament_cmake_args': None, 'build_base': '/home/guilleaq/ros2/nav2_ws/src/start_robocup/build/start_robocup', 'catkin_cmake_args': None, 'catkin_skip_building_tests': False, 'cmake_args': None, 'cmake_clean_cache': False, 'cmake_clean_first': False, 'cmake_force_configure': False, 'cmake_target': None, 'cmake_target_skip_unavailable': False, 'install_base': '/home/guilleaq/ros2/nav2_ws/src/start_robocup/install/start_robocup', 'merge_install': False, 'path': '/home/guilleaq/ros2/nav2_ws/src/start_robocup', 'symlink_install': True, 'test_result_base': None}
[0.479s] INFO:colcon.colcon_core.executor:Executing jobs using 'parallel' executor
[0.482s] DEBUG:colcon.colcon_parallel_executor.executor.parallel:run_until_complete
[0.482s] INFO:colcon.colcon_ros.task.ament_cmake.build:Building ROS package in '/home/guilleaq/ros2/nav2_ws/src/start_robocup' with build type 'ament_cmake'
[0.482s] INFO:colcon.colcon_cmake.task.cmake.build:Building CMake package in '/home/guilleaq/ros2/nav2_ws/src/start_robocup'
[0.486s] INFO:colcon.colcon_core.plugin_system:Skipping extension 'colcon_core.shell.bat': Not used on non-Windows systems
[0.486s] INFO:colcon.colcon_core.shell:Skip shell extension 'powershell' for command environment: Not usable outside of PowerShell
[0.487s] DEBUG:colcon.colcon_core.shell:Skip shell extension 'dsv' for command environment
[0.506s] DEBUG:colcon.colcon_core.event_handler.log_command:Invoking command in '/home/guilleaq/ros2/nav2_ws/src/start_robocup/build/start_robocup': CMAKE_PREFIX_PATH=${CMAKE_PREFIX_PATH}:/home/guilleaq/ros2/nav2_ws/install/br2_fsm_bumpgo_py:/home/guilleaq/Desktop/CARRERA/Segundo/2CUATRI/ArqSoftwareRobots/ros2/bookros2_ws/install/launch_pal:/home/guilleaq/Desktop/CARRERA/Segundo/2CUATRI/ArqSoftwareRobots/ros2/bookros2_ws/install/br2_fsm_bumpgo_py:/opt/ros/humble /usr/bin/cmake --build /home/guilleaq/ros2/nav2_ws/src/start_robocup/build/start_robocup -- -j12 -l12
[6.136s] DEBUG:colcon.colcon_core.event_handler.log_command:Invoked command in '/home/guilleaq/ros2/nav2_ws/src/start_robocup/build/start_robocup' returned '0': CMAKE_PREFIX_PATH=${CMAKE_PREFIX_PATH}:/home/guilleaq/ros2/nav2_ws/install/br2_fsm_bumpgo_py:/home/guilleaq/Desktop/CARRERA/Segundo/2CUATRI/ArqSoftwareRobots/ros2/bookros2_ws/install/launch_pal:/home/guilleaq/Desktop/CARRERA/Segundo/2CUATRI/ArqSoftwareRobots/ros2/bookros2_ws/install/br2_fsm_bumpgo_py:/opt/ros/humble /usr/bin/cmake --build /home/guilleaq/ros2/nav2_ws/src/start_robocup/build/start_robocup -- -j12 -l12
[6.201s] DEBUG:colcon.colcon_core.event_handler.log_command:Invoking command in '/home/guilleaq/ros2/nav2_ws/src/start_robocup/build/start_robocup': CMAKE_PREFIX_PATH=${CMAKE_PREFIX_PATH}:/home/guilleaq/ros2/nav2_ws/install/br2_fsm_bumpgo_py:/home/guilleaq/Desktop/CARRERA/Segundo/2CUATRI/ArqSoftwareRobots/ros2/bookros2_ws/install/launch_pal:/home/guilleaq/Desktop/CARRERA/Segundo/2CUATRI/ArqSoftwareRobots/ros2/bookros2_ws/install/br2_fsm_bumpgo_py:/opt/ros/humble /usr/bin/cmake --install /home/guilleaq/ros2/nav2_ws/src/start_robocup/build/start_robocup
[6.500s] Level 1:colcon.colcon_core.environment:create_environment_scripts_only(start_robocup)
[6.501s] DEBUG:colcon.colcon_core.event_handler.log_command:Invoked command in '/home/guilleaq/ros2/nav2_ws/src/start_robocup/build/start_robocup' returned '0': CMAKE_PREFIX_PATH=${CMAKE_PREFIX_PATH}:/home/guilleaq/ros2/nav2_ws/install/br2_fsm_bumpgo_py:/home/guilleaq/Desktop/CARRERA/Segundo/2CUATRI/ArqSoftwareRobots/ros2/bookros2_ws/install/launch_pal:/home/guilleaq/Desktop/CARRERA/Segundo/2CUATRI/ArqSoftwareRobots/ros2/bookros2_ws/install/br2_fsm_bumpgo_py:/opt/ros/humble /usr/bin/cmake --install /home/guilleaq/ros2/nav2_ws/src/start_robocup/build/start_robocup
[6.505s] Level 1:colcon.colcon_core.environment:checking '/home/guilleaq/ros2/nav2_ws/src/start_robocup/install/start_robocup' for CMake module files
[6.505s] Level 1:colcon.colcon_core.environment:checking '/home/guilleaq/ros2/nav2_ws/src/start_robocup/install/start_robocup' for CMake config files
[6.505s] Level 1:colcon.colcon_core.shell:create_environment_hook('start_robocup', 'cmake_prefix_path')
[6.507s] INFO:colcon.colcon_core.shell:Creating environment hook '/home/guilleaq/ros2/nav2_ws/src/start_robocup/install/start_robocup/share/start_robocup/hook/cmake_prefix_path.ps1'
[6.508s] INFO:colcon.colcon_core.shell:Creating environment descriptor '/home/guilleaq/ros2/nav2_ws/src/start_robocup/install/start_robocup/share/start_robocup/hook/cmake_prefix_path.dsv'
[6.509s] INFO:colcon.colcon_core.shell:Creating environment hook '/home/guilleaq/ros2/nav2_ws/src/start_robocup/install/start_robocup/share/start_robocup/hook/cmake_prefix_path.sh'
[6.510s] Level 1:colcon.colcon_core.environment:checking '/home/guilleaq/ros2/nav2_ws/src/start_robocup/install/start_robocup/lib'
[6.510s] Level 1:colcon.colcon_core.shell:create_environment_hook('start_robocup', 'ld_library_path_lib')
[6.511s] INFO:colcon.colcon_core.shell:Creating environment hook '/home/guilleaq/ros2/nav2_ws/src/start_robocup/install/start_robocup/share/start_robocup/hook/ld_library_path_lib.ps1'
[6.511s] INFO:colcon.colcon_core.shell:Creating environment descriptor '/home/guilleaq/ros2/nav2_ws/src/start_robocup/install/start_robocup/share/start_robocup/hook/ld_library_path_lib.dsv'
[6.512s] INFO:colcon.colcon_core.shell:Creating environment hook '/home/guilleaq/ros2/nav2_ws/src/start_robocup/install/start_robocup/share/start_robocup/hook/ld_library_path_lib.sh'
[6.512s] Level 1:colcon.colcon_core.environment:checking '/home/guilleaq/ros2/nav2_ws/src/start_robocup/install/start_robocup/bin'
[6.512s] Level 1:colcon.colcon_core.environment:checking '/home/guilleaq/ros2/nav2_ws/src/start_robocup/install/start_robocup/lib/pkgconfig/start_robocup.pc'
[6.512s] Level 1:colcon.colcon_core.environment:checking '/home/guilleaq/ros2/nav2_ws/src/start_robocup/install/start_robocup/lib/python3.10/site-packages'
[6.512s] Level 1:colcon.colcon_core.environment:checking '/home/guilleaq/ros2/nav2_ws/src/start_robocup/install/start_robocup/bin'
[6.514s] INFO:colcon.colcon_core.shell:Creating package script '/home/guilleaq/ros2/nav2_ws/src/start_robocup/install/start_robocup/share/start_robocup/package.ps1'
[6.514s] INFO:colcon.colcon_core.shell:Creating package descriptor '/home/guilleaq/ros2/nav2_ws/src/start_robocup/install/start_robocup/share/start_robocup/package.dsv'
[6.515s] INFO:colcon.colcon_core.shell:Creating package script '/home/guilleaq/ros2/nav2_ws/src/start_robocup/install/start_robocup/share/start_robocup/package.sh'
[6.516s] INFO:colcon.colcon_core.shell:Creating package script '/home/guilleaq/ros2/nav2_ws/src/start_robocup/install/start_robocup/share/start_robocup/package.bash'
[6.516s] INFO:colcon.colcon_core.shell:Creating package script '/home/guilleaq/ros2/nav2_ws/src/start_robocup/install/start_robocup/share/start_robocup/package.zsh'
[6.517s] Level 1:colcon.colcon_core.environment:create_file_with_runtime_dependencies(/home/guilleaq/ros2/nav2_ws/src/start_robocup/install/start_robocup/share/colcon-core/packages/start_robocup)
[6.574s] Level 1:colcon.colcon_core.environment:create_environment_scripts_only(start_robocup)
[6.578s] Level 1:colcon.colcon_core.environment:checking '/home/guilleaq/ros2/nav2_ws/src/start_robocup/install/start_robocup' for CMake module files
[6.579s] Level 1:colcon.colcon_core.environment:checking '/home/guilleaq/ros2/nav2_ws/src/start_robocup/install/start_robocup' for CMake config files
[6.579s] Level 1:colcon.colcon_core.shell:create_environment_hook('start_robocup', 'cmake_prefix_path')
[6.581s] INFO:colcon.colcon_core.shell:Creating environment hook '/home/guilleaq/ros2/nav2_ws/src/start_robocup/install/start_robocup/share/start_robocup/hook/cmake_prefix_path.ps1'
[6.582s] INFO:colcon.colcon_core.shell:Creating environment descriptor '/home/guilleaq/ros2/nav2_ws/src/start_robocup/install/start_robocup/share/start_robocup/hook/cmake_prefix_path.dsv'
[6.582s] INFO:colcon.colcon_core.shell:Creating environment hook '/home/guilleaq/ros2/nav2_ws/src/start_robocup/install/start_robocup/share/start_robocup/hook/cmake_prefix_path.sh'
[6.583s] Level 1:colcon.colcon_core.environment:checking '/home/guilleaq/ros2/nav2_ws/src/start_robocup/install/start_robocup/lib'
[6.583s] Level 1:colcon.colcon_core.shell:create_environment_hook('start_robocup', 'ld_library_path_lib')
[6.586s] INFO:colcon.colcon_core.shell:Creating environment hook '/home/guilleaq/ros2/nav2_ws/src/start_robocup/install/start_robocup/share/start_robocup/hook/ld_library_path_lib.ps1'
[6.587s] INFO:colcon.colcon_core.shell:Creating environment descriptor '/home/guilleaq/ros2/nav2_ws/src/start_robocup/install/start_robocup/share/start_robocup/hook/ld_library_path_lib.dsv'
[6.587s] INFO:colcon.colcon_core.shell:Creating environment hook '/home/guilleaq/ros2/nav2_ws/src/start_robocup/install/start_robocup/share/start_robocup/hook/ld_library_path_lib.sh'
[6.588s] Level 1:colcon.colcon_core.environment:checking '/home/guilleaq/ros2/nav2_ws/src/start_robocup/install/start_robocup/bin'
[6.588s] Level 1:colcon.colcon_core.environment:checking '/home/guilleaq/ros2/nav2_ws/src/start_robocup/install/start_robocup/lib/pkgconfig/start_robocup.pc'
[6.588s] Level 1:colcon.colcon_core.environment:checking '/home/guilleaq/ros2/nav2_ws/src/start_robocup/install/start_robocup/lib/python3.10/site-packages'
[6.589s] Level 1:colcon.colcon_core.environment:checking '/home/guilleaq/ros2/nav2_ws/src/start_robocup/install/start_robocup/bin'
[6.591s] INFO:colcon.colcon_core.shell:Creating package script '/home/guilleaq/ros2/nav2_ws/src/start_robocup/install/start_robocup/share/start_robocup/package.ps1'
[6.592s] INFO:colcon.colcon_core.shell:Creating package descriptor '/home/guilleaq/ros2/nav2_ws/src/start_robocup/install/start_robocup/share/start_robocup/package.dsv'
[6.593s] INFO:colcon.colcon_core.shell:Creating package script '/home/guilleaq/ros2/nav2_ws/src/start_robocup/install/start_robocup/share/start_robocup/package.sh'
[6.594s] INFO:colcon.colcon_core.shell:Creating package script '/home/guilleaq/ros2/nav2_ws/src/start_robocup/install/start_robocup/share/start_robocup/package.bash'
[6.594s] INFO:colcon.colcon_core.shell:Creating package script '/home/guilleaq/ros2/nav2_ws/src/start_robocup/install/start_robocup/share/start_robocup/package.zsh'
[6.595s] Level 1:colcon.colcon_core.environment:create_file_with_runtime_dependencies(/home/guilleaq/ros2/nav2_ws/src/start_robocup/install/start_robocup/share/colcon-core/packages/start_robocup)
[6.595s] DEBUG:colcon.colcon_parallel_executor.executor.parallel:closing loop
[6.596s] DEBUG:colcon.colcon_parallel_executor.executor.parallel:loop closed
[6.596s] DEBUG:colcon.colcon_parallel_executor.executor.parallel:run_until_complete finished with '0'
[6.596s] DEBUG:colcon.colcon_core.event_reactor:joining thread
[6.605s] INFO:colcon.colcon_core.plugin_system:Skipping extension 'colcon_notification.desktop_notification.terminal_notifier': Not used on non-Darwin systems
[6.606s] INFO:colcon.colcon_core.plugin_system:Skipping extension 'colcon_notification.desktop_notification.win32': Not used on non-Windows systems
[6.606s] INFO:colcon.colcon_notification.desktop_notification:Sending desktop notification using 'notify2'
[6.620s] DEBUG:colcon.colcon_core.event_reactor:joined thread
[6.623s] INFO:colcon.colcon_core.shell:Creating prefix script '/home/guilleaq/ros2/nav2_ws/src/start_robocup/install/local_setup.ps1'
[6.624s] INFO:colcon.colcon_core.shell:Creating prefix util module '/home/guilleaq/ros2/nav2_ws/src/start_robocup/install/_local_setup_util_ps1.py'
[6.627s] INFO:colcon.colcon_core.shell:Creating prefix chain script '/home/guilleaq/ros2/nav2_ws/src/start_robocup/install/setup.ps1'
[6.636s] INFO:colcon.colcon_core.shell:Creating prefix script '/home/guilleaq/ros2/nav2_ws/src/start_robocup/install/local_setup.sh'
[6.637s] INFO:colcon.colcon_core.shell:Creating prefix util module '/home/guilleaq/ros2/nav2_ws/src/start_robocup/install/_local_setup_util_sh.py'
[6.638s] INFO:colcon.colcon_core.shell:Creating prefix chain script '/home/guilleaq/ros2/nav2_ws/src/start_robocup/install/setup.sh'
[6.647s] INFO:colcon.colcon_core.shell:Creating prefix script '/home/guilleaq/ros2/nav2_ws/src/start_robocup/install/local_setup.bash'
[6.648s] INFO:colcon.colcon_core.shell:Creating prefix chain script '/home/guilleaq/ros2/nav2_ws/src/start_robocup/install/setup.bash'
[6.654s] INFO:colcon.colcon_core.shell:Creating prefix script '/home/guilleaq/ros2/nav2_ws/src/start_robocup/install/local_setup.zsh'
[6.655s] INFO:colcon.colcon_core.shell:Creating prefix chain script '/home/guilleaq/ros2/nav2_ws/src/start_robocup/install/setup.zsh'
