[0.023s] Invoking command in '/home/guilleaq/ros2/nav2_ws/src/start_robocup/build/start_robocup': CMAKE_PREFIX_PATH=${CMAKE_PREFIX_PATH}:/home/guilleaq/ros2/nav2_ws/install/br2_fsm_bumpgo_py:/home/guilleaq/Desktop/CARRERA/Segundo/2CUATRI/ArqSoftwareRobots/ros2/bookros2_ws/install/launch_pal:/home/guilleaq/Desktop/CARRERA/Segundo/2CUATRI/ArqSoftwareRobots/ros2/bookros2_ws/install/br2_fsm_bumpgo_py:/opt/ros/humble /usr/bin/cmake /home/guilleaq/ros2/nav2_ws/src/start_robocup -DAMENT_CMAKE_SYMLINK_INSTALL=1 -DCMAKE_INSTALL_PREFIX=/home/guilleaq/ros2/nav2_ws/src/start_robocup/install/start_robocup
[0.170s] -- The C compiler identification is GNU 11.3.0
[0.285s] -- The CXX compiler identification is GNU 11.3.0
[0.295s] -- Detecting C compiler ABI info
[0.393s] -- Detecting C compiler ABI info - done
[0.405s] -- Check for working C compiler: /usr/bin/cc - skipped
[0.406s] -- Detecting C compile features
[0.407s] -- Detecting C compile features - done
[0.412s] -- Detecting CXX compiler ABI info
[0.504s] -- Detecting CXX compiler ABI info - done
[0.513s] -- Check for working CXX compiler: /usr/bin/c++ - skipped
[0.513s] -- Detecting CXX compile features
[0.514s] -- Detecting CXX compile features - done
[0.530s] -- Found ament_cmake: 1.3.3 (/opt/ros/humble/share/ament_cmake/cmake)
[0.775s] -- Found Python3: /usr/bin/python3.10 (found version "3.10.6") found components: Interpreter 
[0.842s] -- Override CMake install command with custom implementation using symlinks instead of copying resources
[0.975s] -- Found rclcpp: 16.0.3 (/opt/ros/humble/share/rclcpp/cmake)
[1.105s] -- Found rosidl_generator_c: 3.1.4 (/opt/ros/humble/share/rosidl_generator_c/cmake)
[1.125s] -- Found rosidl_adapter: 3.1.4 (/opt/ros/humble/share/rosidl_adapter/cmake)
[1.150s] -- Found rosidl_generator_cpp: 3.1.4 (/opt/ros/humble/share/rosidl_generator_cpp/cmake)
[1.186s] -- Using all available rosidl_typesupport_c: rosidl_typesupport_fastrtps_c;rosidl_typesupport_introspection_c
[1.234s] -- Using all available rosidl_typesupport_cpp: rosidl_typesupport_fastrtps_cpp;rosidl_typesupport_introspection_cpp
[1.388s] -- Found rmw_implementation_cmake: 6.1.1 (/opt/ros/humble/share/rmw_implementation_cmake/cmake)
[1.404s] -- Found rmw_fastrtps_cpp: 6.2.2 (/opt/ros/humble/share/rmw_fastrtps_cpp/cmake)
[1.573s] -- Found OpenSSL: /usr/lib/x86_64-linux-gnu/libcrypto.so (found version "3.0.2")  
[1.612s] -- Found FastRTPS: /opt/ros/humble/include  
[1.679s] -- Using RMW implementation 'rmw_fastrtps_cpp' as default
[1.712s] -- Looking for pthread.h
[1.796s] -- Looking for pthread.h - found
[1.796s] -- Performing Test CMAKE_HAVE_LIBC_PTHREAD
[1.882s] -- Performing Test CMAKE_HAVE_LIBC_PTHREAD - Success
[1.883s] -- Found Threads: TRUE  
[2.095s] -- Found rclcpp_lifecycle: 16.0.3 (/opt/ros/humble/share/rclcpp_lifecycle/cmake)
[2.163s] -- Found rclcpp_action: 16.0.3 (/opt/ros/humble/share/rclcpp_action/cmake)
[2.304s] -- Found geometry_msgs: 4.2.3 (/opt/ros/humble/share/geometry_msgs/cmake)
[2.359s] -- Found nav2_msgs: 1.1.6 (/opt/ros/humble/share/nav2_msgs/cmake)
[2.658s] -- Found ZMQ: /usr/lib/x86_64-linux-gnu/libzmq.so  
[2.659s] -- ZeroMQ found.
[2.784s] -- Found ament_lint_auto: 0.12.5 (/opt/ros/humble/share/ament_lint_auto/cmake)
[2.940s] -- Found ament_cmake_gtest: 1.3.3 (/opt/ros/humble/share/ament_cmake_gtest/cmake)
[2.941s] [31mCMake Error at CMakeLists.txt:86 (add_subdirectory):
[2.941s]   add_subdirectory given source "tests" which is not an existing directory.
[2.941s] 
[2.941s] [0m
[2.946s] -- Added test 'copyright' to check source files copyright and LICENSE
[2.955s] -- Added test 'cppcheck' to perform static code analysis on C / C++ code
[2.955s] -- Configured cppcheck include dirs: /home/guilleaq/ros2/nav2_ws/src/start_robocup/include
[2.955s] -- Configured cppcheck exclude dirs and/or files: 
[2.963s] -- Added test 'cpplint' to check C / C++ code against the Google style
[2.963s] -- Configured cpplint exclude dirs and/or files: 
[2.966s] -- Added test 'flake8' to check Python code syntax and style conventions
[2.970s] -- Added test 'lint_cmake' to check CMake code style
[2.972s] -- Added test 'pep257' to check Python code against some of the docstring style conventions in PEP 257
[2.980s] -- Added test 'uncrustify' to check C / C++ code style
[2.981s] -- Configured uncrustify additional arguments: 
[2.983s] -- Added test 'xmllint' to check XML markup files
[2.990s] -- Configuring incomplete, errors occurred!
[2.990s] See also "/home/guilleaq/ros2/nav2_ws/src/start_robocup/build/start_robocup/CMakeFiles/CMakeOutput.log".
[2.998s] Invoked command in '/home/guilleaq/ros2/nav2_ws/src/start_robocup/build/start_robocup' returned '1': CMAKE_PREFIX_PATH=${CMAKE_PREFIX_PATH}:/home/guilleaq/ros2/nav2_ws/install/br2_fsm_bumpgo_py:/home/guilleaq/Desktop/CARRERA/Segundo/2CUATRI/ArqSoftwareRobots/ros2/bookros2_ws/install/launch_pal:/home/guilleaq/Desktop/CARRERA/Segundo/2CUATRI/ArqSoftwareRobots/ros2/bookros2_ws/install/br2_fsm_bumpgo_py:/opt/ros/humble /usr/bin/cmake /home/guilleaq/ros2/nav2_ws/src/start_robocup -DAMENT_CMAKE_SYMLINK_INSTALL=1 -DCMAKE_INSTALL_PREFIX=/home/guilleaq/ros2/nav2_ws/src/start_robocup/install/start_robocup
