[0.435s] DEBUG:colcon:Command line arguments: ['/usr/bin/colcon', 'build', '--symlink-install', '--packages-select', 'start_robocup']
[0.435s] DEBUG:colcon:Parsed command line arguments: Namespace(log_base=None, log_level=None, verb_name='build', build_base='build', install_base='install', merge_install=False, symlink_install=True, test_result_base=None, continue_on_error=False, executor='parallel', parallel_workers=12, event_handlers=None, ignore_user_meta=False, metas=['./colcon.meta'], base_paths=['.'], packages_ignore=None, packages_ignore_regex=None, paths=None, packages_up_to=None, packages_up_to_regex=None, packages_above=None, packages_above_and_dependencies=None, packages_above_depth=None, packages_select_by_dep=None, packages_skip_by_dep=None, packages_skip_up_to=None, packages_select_build_failed=False, packages_skip_build_finished=False, packages_select_test_failures=False, packages_skip_test_passed=False, packages_select=['start_robocup'], packages_skip=None, packages_select_regex=None, packages_skip_regex=None, packages_start=None, packages_end=None, allow_overriding=[], cmake_args=None, cmake_target=None, cmake_target_skip_unavailable=False, cmake_clean_cache=False, cmake_clean_first=False, cmake_force_configure=False, ament_cmake_args=None, catkin_cmake_args=None, catkin_skip_building_tests=False, verb_parser=<colcon_defaults.argument_parser.defaults.DefaultArgumentsDecorator object at 0x7f5b2b1359f0>, verb_extension=<colcon_core.verb.build.BuildVerb object at 0x7f5b2bb15e70>, main=<bound method BuildVerb.main of <colcon_core.verb.build.BuildVerb object at 0x7f5b2bb15e70>>)
[0.473s] Level 1:colcon.colcon_core.package_discovery:discover_packages(colcon_meta) check parameters
[0.473s] Level 1:colcon.colcon_core.package_discovery:discover_packages(recursive) check parameters
[0.473s] Level 1:colcon.colcon_core.package_discovery:discover_packages(ignore) check parameters
[0.473s] Level 1:colcon.colcon_core.package_discovery:discover_packages(path) check parameters
[0.473s] Level 1:colcon.colcon_core.package_discovery:discover_packages(colcon_meta) discover
[0.473s] Level 1:colcon.colcon_core.package_discovery:discover_packages(recursive) discover
[0.473s] INFO:colcon.colcon_core.package_discovery:Crawling recursively for packages in '/home/guilleaq/ros2/nav2_ws/src/start_robocup'
[0.473s] Level 1:colcon.colcon_core.package_identification:_identify(.) by extensions ['ignore', 'ignore_ament_install']
[0.473s] Level 1:colcon.colcon_core.package_identification:_identify(.) by extension 'ignore'
[0.473s] Level 1:colcon.colcon_core.package_identification:_identify(.) by extension 'ignore_ament_install'
[0.473s] Level 1:colcon.colcon_core.package_identification:_identify(.) by extensions ['colcon_pkg']
[0.473s] Level 1:colcon.colcon_core.package_identification:_identify(.) by extension 'colcon_pkg'
[0.473s] Level 1:colcon.colcon_core.package_identification:_identify(.) by extensions ['colcon_meta']
[0.473s] Level 1:colcon.colcon_core.package_identification:_identify(.) by extension 'colcon_meta'
[0.473s] Level 1:colcon.colcon_core.package_identification:_identify(.) by extensions ['ros']
[0.473s] Level 1:colcon.colcon_core.package_identification:_identify(.) by extension 'ros'
[0.489s] DEBUG:colcon.colcon_core.package_identification:Package '.' with type 'ros.ament_cmake' and name 'start_robocup'
[0.489s] Level 1:colcon.colcon_core.package_discovery:discover_packages(recursive) using defaults
[0.489s] Level 1:colcon.colcon_core.package_discovery:discover_packages(ignore) discover
[0.489s] Level 1:colcon.colcon_core.package_discovery:discover_packages(ignore) using defaults
[0.489s] Level 1:colcon.colcon_core.package_discovery:discover_packages(path) discover
[0.489s] Level 1:colcon.colcon_core.package_discovery:discover_packages(path) using defaults
[0.521s] Level 1:colcon.colcon_core.package_discovery:discover_packages(prefix_path) check parameters
[0.521s] Level 1:colcon.colcon_core.package_discovery:discover_packages(prefix_path) discover
[0.534s] DEBUG:colcon.colcon_installed_package_information.package_discovery:Found 74 installed packages in /home/guilleaq/ros2/nav2_ws/install
[0.537s] DEBUG:colcon.colcon_installed_package_information.package_discovery:Found 38 installed packages in /home/guilleaq/Desktop/CARRERA/Segundo/2CUATRI/ArqSoftwareRobots/ros2/bookros2_ws/install
[0.543s] DEBUG:colcon.colcon_installed_package_information.package_discovery:Found 392 installed packages in /opt/ros/humble
[0.545s] Level 1:colcon.colcon_core.package_discovery:discover_packages(prefix_path) using defaults
[0.655s] Level 5:colcon.colcon_core.verb:set package 'start_robocup' build argument 'cmake_args' from command line to 'None'
[0.655s] Level 5:colcon.colcon_core.verb:set package 'start_robocup' build argument 'cmake_target' from command line to 'None'
[0.655s] Level 5:colcon.colcon_core.verb:set package 'start_robocup' build argument 'cmake_target_skip_unavailable' from command line to 'False'
[0.655s] Level 5:colcon.colcon_core.verb:set package 'start_robocup' build argument 'cmake_clean_cache' from command line to 'False'
[0.655s] Level 5:colcon.colcon_core.verb:set package 'start_robocup' build argument 'cmake_clean_first' from command line to 'False'
[0.655s] Level 5:colcon.colcon_core.verb:set package 'start_robocup' build argument 'cmake_force_configure' from command line to 'False'
[0.655s] Level 5:colcon.colcon_core.verb:set package 'start_robocup' build argument 'ament_cmake_args' from command line to 'None'
[0.655s] Level 5:colcon.colcon_core.verb:set package 'start_robocup' build argument 'catkin_cmake_args' from command line to 'None'
[0.655s] Level 5:colcon.colcon_core.verb:set package 'start_robocup' build argument 'catkin_skip_building_tests' from command line to 'False'
[0.655s] DEBUG:colcon.colcon_core.verb:Building package 'start_robocup' with the following arguments: {'ament_cmake_args': None, 'build_base': '/home/guilleaq/ros2/nav2_ws/src/start_robocup/build/start_robocup', 'catkin_cmake_args': None, 'catkin_skip_building_tests': False, 'cmake_args': None, 'cmake_clean_cache': False, 'cmake_clean_first': False, 'cmake_force_configure': False, 'cmake_target': None, 'cmake_target_skip_unavailable': False, 'install_base': '/home/guilleaq/ros2/nav2_ws/src/start_robocup/install/start_robocup', 'merge_install': False, 'path': '/home/guilleaq/ros2/nav2_ws/src/start_robocup', 'symlink_install': True, 'test_result_base': None}
[0.656s] INFO:colcon.colcon_core.executor:Executing jobs using 'parallel' executor
[0.659s] DEBUG:colcon.colcon_parallel_executor.executor.parallel:run_until_complete
[0.659s] INFO:colcon.colcon_ros.task.ament_cmake.build:Building ROS package in '/home/guilleaq/ros2/nav2_ws/src/start_robocup' with build type 'ament_cmake'
[0.659s] INFO:colcon.colcon_cmake.task.cmake.build:Building CMake package in '/home/guilleaq/ros2/nav2_ws/src/start_robocup'
[0.665s] INFO:colcon.colcon_core.plugin_system:Skipping extension 'colcon_core.shell.bat': Not used on non-Windows systems
[0.666s] INFO:colcon.colcon_core.shell:Skip shell extension 'powershell' for command environment: Not usable outside of PowerShell
[0.666s] DEBUG:colcon.colcon_core.shell:Skip shell extension 'dsv' for command environment
[0.683s] DEBUG:colcon.colcon_core.event_handler.log_command:Invoking command in '/home/guilleaq/ros2/nav2_ws/src/start_robocup/build/start_robocup': CMAKE_PREFIX_PATH=${CMAKE_PREFIX_PATH}:/home/guilleaq/ros2/nav2_ws/install/br2_fsm_bumpgo_py:/home/guilleaq/Desktop/CARRERA/Segundo/2CUATRI/ArqSoftwareRobots/ros2/bookros2_ws/install/launch_pal:/home/guilleaq/Desktop/CARRERA/Segundo/2CUATRI/ArqSoftwareRobots/ros2/bookros2_ws/install/br2_fsm_bumpgo_py:/opt/ros/humble /usr/bin/cmake /home/guilleaq/ros2/nav2_ws/src/start_robocup -DAMENT_CMAKE_SYMLINK_INSTALL=1 -DCMAKE_INSTALL_PREFIX=/home/guilleaq/ros2/nav2_ws/src/start_robocup/install/start_robocup
[3.657s] DEBUG:colcon.colcon_core.event_handler.log_command:Invoked command in '/home/guilleaq/ros2/nav2_ws/src/start_robocup/build/start_robocup' returned '1': CMAKE_PREFIX_PATH=${CMAKE_PREFIX_PATH}:/home/guilleaq/ros2/nav2_ws/install/br2_fsm_bumpgo_py:/home/guilleaq/Desktop/CARRERA/Segundo/2CUATRI/ArqSoftwareRobots/ros2/bookros2_ws/install/launch_pal:/home/guilleaq/Desktop/CARRERA/Segundo/2CUATRI/ArqSoftwareRobots/ros2/bookros2_ws/install/br2_fsm_bumpgo_py:/opt/ros/humble /usr/bin/cmake /home/guilleaq/ros2/nav2_ws/src/start_robocup -DAMENT_CMAKE_SYMLINK_INSTALL=1 -DCMAKE_INSTALL_PREFIX=/home/guilleaq/ros2/nav2_ws/src/start_robocup/install/start_robocup
[3.671s] Level 1:colcon.colcon_core.environment:create_environment_scripts_only(start_robocup)
[3.679s] Level 1:colcon.colcon_core.environment:checking '/home/guilleaq/ros2/nav2_ws/src/start_robocup/install/start_robocup' for CMake module files
[3.679s] Level 1:colcon.colcon_core.environment:checking '/home/guilleaq/ros2/nav2_ws/src/start_robocup/install/start_robocup' for CMake config files
[3.679s] Level 1:colcon.colcon_core.environment:checking '/home/guilleaq/ros2/nav2_ws/src/start_robocup/install/start_robocup/bin'
[3.679s] Level 1:colcon.colcon_core.environment:checking '/home/guilleaq/ros2/nav2_ws/src/start_robocup/install/start_robocup/lib/pkgconfig/start_robocup.pc'
[3.679s] Level 1:colcon.colcon_core.environment:checking '/home/guilleaq/ros2/nav2_ws/src/start_robocup/install/start_robocup/lib/python3.10/site-packages'
[3.680s] Level 1:colcon.colcon_core.environment:checking '/home/guilleaq/ros2/nav2_ws/src/start_robocup/install/start_robocup/bin'
[3.681s] INFO:colcon.colcon_core.shell:Creating package script '/home/guilleaq/ros2/nav2_ws/src/start_robocup/install/start_robocup/share/start_robocup/package.ps1'
[3.682s] INFO:colcon.colcon_core.shell:Creating package descriptor '/home/guilleaq/ros2/nav2_ws/src/start_robocup/install/start_robocup/share/start_robocup/package.dsv'
[3.683s] INFO:colcon.colcon_core.shell:Creating package script '/home/guilleaq/ros2/nav2_ws/src/start_robocup/install/start_robocup/share/start_robocup/package.sh'
[3.683s] INFO:colcon.colcon_core.shell:Creating package script '/home/guilleaq/ros2/nav2_ws/src/start_robocup/install/start_robocup/share/start_robocup/package.bash'
[3.684s] INFO:colcon.colcon_core.shell:Creating package script '/home/guilleaq/ros2/nav2_ws/src/start_robocup/install/start_robocup/share/start_robocup/package.zsh'
[3.685s] Level 1:colcon.colcon_core.environment:create_file_with_runtime_dependencies(/home/guilleaq/ros2/nav2_ws/src/start_robocup/install/start_robocup/share/colcon-core/packages/start_robocup)
[3.696s] DEBUG:colcon.colcon_parallel_executor.executor.parallel:closing loop
[3.696s] DEBUG:colcon.colcon_parallel_executor.executor.parallel:loop closed
[3.696s] DEBUG:colcon.colcon_parallel_executor.executor.parallel:run_until_complete finished with '1'
[3.696s] DEBUG:colcon.colcon_core.event_reactor:joining thread
[3.711s] INFO:colcon.colcon_core.plugin_system:Skipping extension 'colcon_notification.desktop_notification.terminal_notifier': Not used on non-Darwin systems
[3.711s] INFO:colcon.colcon_core.plugin_system:Skipping extension 'colcon_notification.desktop_notification.win32': Not used on non-Windows systems
[3.711s] INFO:colcon.colcon_notification.desktop_notification:Sending desktop notification using 'notify2'
[3.723s] DEBUG:colcon.colcon_core.event_reactor:joined thread
[3.725s] INFO:colcon.colcon_core.shell:Creating prefix script '/home/guilleaq/ros2/nav2_ws/src/start_robocup/install/local_setup.ps1'
[3.726s] INFO:colcon.colcon_core.shell:Creating prefix util module '/home/guilleaq/ros2/nav2_ws/src/start_robocup/install/_local_setup_util_ps1.py'
[3.727s] INFO:colcon.colcon_core.shell:Creating prefix chain script '/home/guilleaq/ros2/nav2_ws/src/start_robocup/install/setup.ps1'
[3.733s] INFO:colcon.colcon_core.shell:Creating prefix script '/home/guilleaq/ros2/nav2_ws/src/start_robocup/install/local_setup.sh'
[3.733s] INFO:colcon.colcon_core.shell:Creating prefix util module '/home/guilleaq/ros2/nav2_ws/src/start_robocup/install/_local_setup_util_sh.py'
[3.734s] INFO:colcon.colcon_core.shell:Creating prefix chain script '/home/guilleaq/ros2/nav2_ws/src/start_robocup/install/setup.sh'
[3.739s] INFO:colcon.colcon_core.shell:Creating prefix script '/home/guilleaq/ros2/nav2_ws/src/start_robocup/install/local_setup.bash'
[3.740s] INFO:colcon.colcon_core.shell:Creating prefix chain script '/home/guilleaq/ros2/nav2_ws/src/start_robocup/install/setup.bash'
[3.745s] INFO:colcon.colcon_core.shell:Creating prefix script '/home/guilleaq/ros2/nav2_ws/src/start_robocup/install/local_setup.zsh'
[3.746s] INFO:colcon.colcon_core.shell:Creating prefix chain script '/home/guilleaq/ros2/nav2_ws/src/start_robocup/install/setup.zsh'
