[0.020s] Invoking command in '/home/guilleaq/ros2/nav2_ws/src/start_robocup/build/start_robocup': CMAKE_PREFIX_PATH=${CMAKE_PREFIX_PATH}:/home/guilleaq/ros2/nav2_ws/install/br2_fsm_bumpgo_py:/home/guilleaq/Desktop/CARRERA/Segundo/2CUATRI/ArqSoftwareRobots/ros2/bookros2_ws/install/launch_pal:/home/guilleaq/Desktop/CARRERA/Segundo/2CUATRI/ArqSoftwareRobots/ros2/bookros2_ws/install/br2_fsm_bumpgo_py:/opt/ros/humble /usr/bin/cmake /home/guilleaq/ros2/nav2_ws/src/start_robocup -DAMENT_CMAKE_SYMLINK_INSTALL=1 -DCMAKE_INSTALL_PREFIX=/home/guilleaq/ros2/nav2_ws/src/start_robocup/install/start_robocup
[0.034s] -- Found ament_cmake: 1.3.3 (/opt/ros/humble/share/ament_cmake/cmake)
[0.177s] -- Override CMake install command with custom implementation using symlinks instead of copying resources
[0.183s] -- Found rclcpp: 16.0.3 (/opt/ros/humble/share/rclcpp/cmake)
[0.212s] -- Found rosidl_generator_c: 3.1.4 (/opt/ros/humble/share/rosidl_generator_c/cmake)
[0.214s] -- Found rosidl_adapter: 3.1.4 (/opt/ros/humble/share/rosidl_adapter/cmake)
[0.219s] -- Found rosidl_generator_cpp: 3.1.4 (/opt/ros/humble/share/rosidl_generator_cpp/cmake)
[0.235s] -- Using all available rosidl_typesupport_c: rosidl_typesupport_fastrtps_c;rosidl_typesupport_introspection_c
[0.255s] -- Using all available rosidl_typesupport_cpp: rosidl_typesupport_fastrtps_cpp;rosidl_typesupport_introspection_cpp
[0.316s] -- Found rmw_implementation_cmake: 6.1.1 (/opt/ros/humble/share/rmw_implementation_cmake/cmake)
[0.322s] -- Found rmw_fastrtps_cpp: 6.2.2 (/opt/ros/humble/share/rmw_fastrtps_cpp/cmake)
[0.473s] -- Using RMW implementation 'rmw_fastrtps_cpp' as default
[0.628s] -- Found rclcpp_lifecycle: 16.0.3 (/opt/ros/humble/share/rclcpp_lifecycle/cmake)
[0.666s] -- Found rclcpp_action: 16.0.3 (/opt/ros/humble/share/rclcpp_action/cmake)
[0.755s] -- Found geometry_msgs: 4.2.3 (/opt/ros/humble/share/geometry_msgs/cmake)
[0.797s] -- Found nav2_msgs: 1.1.6 (/opt/ros/humble/share/nav2_msgs/cmake)
[1.073s] -- ZeroMQ found.
[1.187s] -- Found ament_lint_auto: 0.12.5 (/opt/ros/humble/share/ament_lint_auto/cmake)
[1.255s] -- Found ament_cmake_gtest: 1.3.3 (/opt/ros/humble/share/ament_cmake_gtest/cmake)
[1.260s] -- Added test 'copyright' to check source files copyright and LICENSE
[1.267s] -- Added test 'cppcheck' to perform static code analysis on C / C++ code
[1.268s] -- Configured cppcheck include dirs: /home/guilleaq/ros2/nav2_ws/src/start_robocup/include
[1.268s] -- Configured cppcheck exclude dirs and/or files: 
[1.275s] -- Added test 'cpplint' to check C / C++ code against the Google style
[1.275s] -- Configured cpplint exclude dirs and/or files: 
[1.276s] -- Added test 'flake8' to check Python code syntax and style conventions
[1.278s] -- Added test 'lint_cmake' to check CMake code style
[1.280s] -- Added test 'pep257' to check Python code against some of the docstring style conventions in PEP 257
[1.287s] -- Added test 'uncrustify' to check C / C++ code style
[1.287s] -- Configured uncrustify additional arguments: 
[1.288s] -- Added test 'xmllint' to check XML markup files
[1.289s] -- Configuring done
[1.292s] [31mCMake Error at CMakeLists.txt:44 (add_library):
[1.292s]   Cannot find source file:
[1.292s] 
[1.292s]     src/br2_bt_patrolling/Move.cpp
[1.292s] 
[1.292s]   Tried extensions .c .C .c++ .cc .cpp .cxx .cu .mpp .m .M .mm .ixx .cppm .h
[1.292s]   .hh .h++ .hm .hpp .hxx .in .txx .f .F .for .f77 .f90 .f95 .f03 .hip .ispc
[1.293s] 
[1.293s] [0m
[1.293s] [31mCMake Error at CMakeLists.txt:45 (add_library):
[1.294s]   Cannot find source file:
[1.294s] 
[1.294s]     src/br2_bt_patrolling/GetWaypoint.cpp
[1.294s] 
[1.294s]   Tried extensions .c .C .c++ .cc .cpp .cxx .cu .mpp .m .M .mm .ixx .cppm .h
[1.294s]   .hh .h++ .hm .hpp .hxx .in .txx .f .F .for .f77 .f90 .f95 .f03 .hip .ispc
[1.294s] 
[1.294s] [0m
[1.294s] [31mCMake Error at CMakeLists.txt:56 (add_executable):
[1.294s]   Cannot find source file:
[1.294s] 
[1.294s]     src/patrolling_main.cpp
[1.294s] 
[1.294s]   Tried extensions .c .C .c++ .cc .cpp .cxx .cu .mpp .m .M .mm .ixx .cppm .h
[1.295s]   .hh .h++ .hm .hpp .hxx .in .txx .f .F .for .f77 .f90 .f95 .f03 .hip .ispc
[1.295s] 
[1.295s] [0m
[1.295s] [31mCMake Error at CMakeLists.txt:44 (add_library):
[1.295s]   No SOURCES given to target: br2_move_bt_node
[1.295s] 
[1.295s] [0m
[1.295s] [31mCMake Error at CMakeLists.txt:45 (add_library):
[1.295s]   No SOURCES given to target: br2_get_waypoint_bt_node
[1.295s] 
[1.295s] [0m
[1.295s] [31mCMake Error at CMakeLists.txt:56 (add_executable):
[1.295s]   No SOURCES given to target: patrolling_main
[1.295s] 
[1.295s] [0m
[1.295s] [0mCMake Generate step failed.  Build files cannot be regenerated correctly.[0m
[1.301s] Invoked command in '/home/guilleaq/ros2/nav2_ws/src/start_robocup/build/start_robocup' returned '1': CMAKE_PREFIX_PATH=${CMAKE_PREFIX_PATH}:/home/guilleaq/ros2/nav2_ws/install/br2_fsm_bumpgo_py:/home/guilleaq/Desktop/CARRERA/Segundo/2CUATRI/ArqSoftwareRobots/ros2/bookros2_ws/install/launch_pal:/home/guilleaq/Desktop/CARRERA/Segundo/2CUATRI/ArqSoftwareRobots/ros2/bookros2_ws/install/br2_fsm_bumpgo_py:/opt/ros/humble /usr/bin/cmake /home/guilleaq/ros2/nav2_ws/src/start_robocup -DAMENT_CMAKE_SYMLINK_INSTALL=1 -DCMAKE_INSTALL_PREFIX=/home/guilleaq/ros2/nav2_ws/src/start_robocup/install/start_robocup
